<?xml version="1.0" encoding="UTF-8"?>
<!-- Generated by org.testng.reporters.JUnitReportReporter -->
<testsuite skipped="0" hostname="Admin-PC" name="com.testproject.testsuit.TraningPageTest" tests="4" failures="0" timestamp="23 Aug 2019 15:28:04 GMT" time="81.136" errors="0">
  <testcase name="verify_addcart" time="0.087" classname="com.testproject.testsuit.TraningPageTest"/>
  <testcase name="verify_homepage" time="18.748" classname="com.testproject.testsuit.TraningPageTest"/>
  <testcase name="verify_ondemandtraning_menu" time="27.956" classname="com.testproject.testsuit.TraningPageTest"/>
  <testcase name="verify_traning_filter" time="34.345" classname="com.testproject.testsuit.TraningPageTest"/>
</testsuite> <!-- com.testproject.testsuit.TraningPageTest -->
