<?xml version="1.0" encoding="UTF-8"?>
<!-- Generated by org.testng.reporters.JUnitReportReporter -->
<testsuite skipped="0" hostname="Admin-PC" name="com.testproject.testsuit.HomePageTest" tests="2" failures="0" timestamp="23 Aug 2019 15:28:04 GMT" time="0.016" errors="0">
  <testcase name="f" time="0.016" classname="com.testproject.testsuit.HomePageTest"/>
  <testcase name="f" time="0.000" classname="com.testproject.testsuit.HomePageTest"/>
</testsuite> <!-- com.testproject.testsuit.HomePageTest -->
